<?xml version="1.0" encoding="UTF-8"?>
<!-- Generated by org.testng.reporters.JUnitReportReporter -->
<testsuite hostname="WKWZTLp0CK9DHW3" failures="0" tests="1" name="com.hyr.Tests.FirstTest" time="14.923" errors="0" timestamp="2023-01-18T19:20:40 IST" skipped="0">
  <testcase classname="com.hyr.Tests.FirstTest" name="TestGoogle" time="14.923"/>
  <system-out/>
</testsuite> <!-- com.hyr.Tests.FirstTest -->
