<?xml version="1.0" encoding="UTF-8"?>
<!-- Generated by org.testng.reporters.JUnitReportReporter -->
<testsuite hostname="WKWZTLp0CK9DHW3" failures="0" tests="1" name="test1" time="0.013" errors="0" timestamp="2023-01-11T17:18:09 IST" skipped="0">
  <testcase classname="test1" name="setUp" time="0.013"/>
  <system-out/>
</testsuite> <!-- test1 -->
